Created temporary directory: /private/var/folders/2x/7t9b58f93mb_80_72sw5r7lr0000gn/T/pip-req-tracker-ax6n4flt
Created requirements tracker '/private/var/folders/2x/7t9b58f93mb_80_72sw5r7lr0000gn/T/pip-req-tracker-ax6n4flt'
Created temporary directory: /private/var/folders/2x/7t9b58f93mb_80_72sw5r7lr0000gn/T/pip-download-28pmfod6
Collecting paddlepaddle-gpu
  1 location(s) to search for versions of paddlepaddle-gpu:
  * https://pypi.org/simple/paddlepaddle-gpu/
  Getting page https://pypi.org/simple/paddlepaddle-gpu/
  Starting new HTTPS connection (1): pypi.org:443
  https://pypi.org:443 "GET /simple/paddlepaddle-gpu/ HTTP/1.1" 200 8734
  Analyzing links from page https://pypi.org/simple/paddlepaddle-gpu/
    Skipping link https://files.pythonhosted.org/packages/28/71/4072c59dec7685dfc91f5c98d1c38ece065e5d2f003e27d2d87cd391a954/paddlepaddle_gpu-0.10.1-cp27-cp27mu-manylinux1_x86_64.whl#sha256=61cc5e939e36a76e12589c71e83ac0b88c7a3092d0189489ec7b573ed591ddd3 (from https://pypi.org/simple/paddlepaddle-gpu/); it is not compatible with this Python
    Skipping link https://files.pythonhosted.org/packages/e6/58/b4d376a3097496d540c7fc7427a3abb1874971a8f048f20629fcfe109e49/paddlepaddle_gpu-0.10.5-cp27-cp27m-manylinux1_x86_64.whl#sha256=a55abae4a291d33dc6c69bef334686625894d16a4392522531f4e980bb2f2ce8 (from https://pypi.org/simple/paddlepaddle-gpu/); it is not compatible with this Python
    Skipping link https://files.pythonhosted.org/packages/af/0c/dbe68bb52de57432dfd857ac089be1f5652783859750adfbb0c301ec59d4/paddlepaddle_gpu-0.10.5-cp27-cp27mu-manylinux1_x86_64.whl#sha256=420e27b89b0d6a80a268e10b74d8ceea0eaa955236bddce04cfb1034394c7e3c (from https://pypi.org/simple/paddlepaddle-gpu/); it is not compatible with this Python
    Skipping link https://files.pythonhosted.org/packages/56/86/6c439936b563b339e08f178a9c32a20b8d1b5e92e87a7e8b7eda8b5684ee/paddlepaddle_gpu-0.10.7-cp27-cp27m-manylinux1_x86_64.whl#sha256=c472f5477bd57cc1a872a6c0eb534b705a5c017f27d7f832328132d5a612d940 (from https://pypi.org/simple/paddlepaddle-gpu/); it is not compatible with this Python
    Skipping link https://files.pythonhosted.org/packages/1b/40/a41c8d8732e5e75bf7642c25ac08bd40c7ef7e6253380f96cd273a7b9075/paddlepaddle_gpu-0.10.7-cp27-cp27mu-manylinux1_x86_64.whl#sha256=2658626ca5dbcd032520c4688e34c4475f76971c434ae5af70417b8eac516777 (from https://pypi.org/simple/paddlepaddle-gpu/); it is not compatible with this Python
    Skipping link https://files.pythonhosted.org/packages/12/8b/0c2e294bde07ff30caf85df5a91d7cca188c362b7b92f427bb199cf503d9/paddlepaddle_gpu-0.11.0-cp27-cp27m-manylinux1_x86_64.whl#sha256=e3e3bdbbb91d907b64fee5df71a67c48e131a5b26fe44c56b3fa84aa6d0fb47e (from https://pypi.org/simple/paddlepaddle-gpu/); it is not compatible with this Python
    Skipping link https://files.pythonhosted.org/packages/85/11/9031208dcd0634706d5d2efdd0749c167876c2d39ca533912057f70ddf8b/paddlepaddle_gpu-0.11.0-cp27-cp27mu-manylinux1_x86_64.whl#sha256=9d16f9eda2b7220c40c9580141045d04d0576344c927fcb8a02bc857817f8763 (from https://pypi.org/simple/paddlepaddle-gpu/); it is not compatible with this Python
    Skipping link https://files.pythonhosted.org/packages/e6/bf/4975f56c1dedadf172938ac60e874aa76132b62d14f45b65abfc6ea6ba4e/paddlepaddle_gpu-0.11.0.post8-cp27-cp27m-manylinux1_x86_64.whl#sha256=722d0fc9ca39237d29945a4b53b9d1e75fb867820c4e36aae2ae329c18426fa5 (from https://pypi.org/simple/paddlepaddle-gpu/); it is not compatible with this Python
    Skipping link https://files.pythonhosted.org/packages/be/01/60bd00b28c67c861de6948afb8689e7ebdc2b27cb049e9e0b7a677ae7a02/paddlepaddle_gpu-0.11.0.post8-cp27-cp27mu-manylinux1_x86_64.whl#sha256=7eeebc4c64e23d11f76fcfdc539095e77de882611a027c7a3394677c444af1a4 (from https://pypi.org/simple/paddlepaddle-gpu/); it is not compatible with this Python
    Skipping link https://files.pythonhosted.org/packages/42/3a/4b1a9b2981d9f260e430c173d35df305ca9d585df12875b0813049bc40a1/paddlepaddle_gpu-0.11.0.post87-cp27-cp27m-manylinux1_x86_64.whl#sha256=0c2464d2125ae8f6457218e1e17f77e728197f72af12afac8a1d8274f575b274 (from https://pypi.org/simple/paddlepaddle-gpu/); it is not compatible with this Python
    Skipping link https://files.pythonhosted.org/packages/80/d5/66519a231ad59c6e1689e1780a80fc036468a026adde561b853338e5ce96/paddlepaddle_gpu-0.11.0.post87-cp27-cp27mu-manylinux1_x86_64.whl#sha256=de383082b47eaa785b125df9244b199dcb50e5d535f19252951b6d3bf187d773 (from https://pypi.org/simple/paddlepaddle-gpu/); it is not compatible with this Python
    Skipping link https://files.pythonhosted.org/packages/ed/f7/998308552f95590c08f85ce25f56a839a8ae0952087764dd6019509fd484/paddlepaddle_gpu-0.12.0-cp27-cp27m-manylinux1_x86_64.whl#sha256=65d6409ba5c4248658befa2fbe172639ad46b380ff6f06edf8f9176210ba711e (from https://pypi.org/simple/paddlepaddle-gpu/); it is not compatible with this Python
    Skipping link https://files.pythonhosted.org/packages/b2/c0/4d88f7ed897f388c83b05fc22356ce1bb5aa0665f0750349ae11eae9c698/paddlepaddle_gpu-0.12.0-cp27-cp27mu-manylinux1_x86_64.whl#sha256=4429faa475b5a9bd4158e992030383982910260c561adb10a8dc57e580774811 (from https://pypi.org/simple/paddlepaddle-gpu/); it is not compatible with this Python
    Skipping link https://files.pythonhosted.org/packages/38/f3/2e5b1371a71470d4584e24e3cb3291c98eccebe1a2b4756c4b4261906171/paddlepaddle_gpu-0.12.0.post97-cp27-cp27mu-manylinux1_x86_64.whl#sha256=1909579c7ec2d515a4d5c9d946c395bef298cb8fcc5e6b5c53b2e183f63b719f (from https://pypi.org/simple/paddlepaddle-gpu/); it is not compatible with this Python
    Skipping link https://files.pythonhosted.org/packages/5d/c6/ee45c6b6d063a7178074cc6323cac850ee8e9afc60889673dcd8e019c2fa/paddlepaddle_gpu-0.13.0-cp27-cp27m-manylinux1_x86_64.whl#sha256=12f3f5324e02cbc1c2f675002a6d4868dcebad6a54bec3fe4e56d8045f11a1ff (from https://pypi.org/simple/paddlepaddle-gpu/); it is not compatible with this Python
    Skipping link https://files.pythonhosted.org/packages/50/d1/23b47cd53074395b69f2471f481c00f932e09e33f5728fe41fca65d9444c/paddlepaddle_gpu-0.13.0-cp27-cp27mu-manylinux1_x86_64.whl#sha256=cc539ba4eaaffc707da7aad4019fa599d7c8f6e4c2b2b3d23e05303ff4a0b1c6 (from https://pypi.org/simple/paddlepaddle-gpu/); it is not compatible with this Python
    Skipping link https://files.pythonhosted.org/packages/2e/65/3c1e44417dfc4afc7004f4db06789876b1237a0b6b234e0bd4213f3258b7/paddlepaddle_gpu-0.14.0-cp27-cp27m-manylinux1_x86_64.whl#sha256=162a01b5a0193f1f660c0b8d6bb48feb9f24cdaac9b01e647088f736b2f4b873 (from https://pypi.org/simple/paddlepaddle-gpu/); it is not compatible with this Python
    Skipping link https://files.pythonhosted.org/packages/ee/ee/5d96e99d4a6d57bd1a7a8c4c98124a5ba0f6f0e07f38f4cee1365e0d9734/paddlepaddle_gpu-0.14.0-cp27-cp27mu-manylinux1_x86_64.whl#sha256=ab6b7fe20ba912b0ee129b112216e0174c7ee16f4fad05a63b608bf8c4ead69d (from https://pypi.org/simple/paddlepaddle-gpu/); it is not compatible with this Python
    Skipping link https://files.pythonhosted.org/packages/24/dd/25c1db09524f654c80baa83e7aafdd67109449bd5b500964f4005047dcf8/paddlepaddle_gpu-0.14.0.post85-cp27-cp27m-manylinux1_x86_64.whl#sha256=c97352dea73fb9661566831742ddbda9e647d99c74ca4b5668ac18558e05af51 (from https://pypi.org/simple/paddlepaddle-gpu/); it is not compatible with this Python
    Skipping link https://files.pythonhosted.org/packages/60/50/94d16d34976f06b3cd8818d9b7bf40a9ff16bc48120ac9254d976f8ffc35/paddlepaddle_gpu-0.14.0.post85-cp27-cp27mu-manylinux1_x86_64.whl#sha256=5105b3fd0a1deee483a1669a4ef9586ff4b0857d36a785e4f889099fd820de63 (from https://pypi.org/simple/paddlepaddle-gpu/); it is not compatible with this Python
    Skipping link https://files.pythonhosted.org/packages/54/1d/2c2a5c8665634b47fa925839108752611202a7c08ba4d65c2ee79f825a0e/paddlepaddle_gpu-0.14.0.post87-cp27-cp27m-manylinux1_x86_64.whl#sha256=91672fcf3b67228ab6e2de0db6b87dbfd0c04ebb8b34a381b760c9cf83c3fffa (from https://pypi.org/simple/paddlepaddle-gpu/); it is not compatible with this Python
    Skipping link https://files.pythonhosted.org/packages/a1/eb/261d920ede38d4b2b8dfb5817d7f7d25c526b1a70260f23312ad6029c0d3/paddlepaddle_gpu-0.14.0.post87-cp27-cp27mu-manylinux1_x86_64.whl#sha256=7a3bf74039b2f7a1df3370c932dffe90e07fd8163c36962ad420553265a75d8a (from https://pypi.org/simple/paddlepaddle-gpu/); it is not compatible with this Python
    Skipping link https://files.pythonhosted.org/packages/71/80/816318b05dd1681412aae460d10d155d6cabeef67a627165af9922a104c0/paddlepaddle_gpu-0.15.0.post85-cp27-cp27m-manylinux1_x86_64.whl#sha256=8d333bb57a80dd58ff787bbd786c7627fb1e4d9ea145792a67f2fe523e60a044 (from https://pypi.org/simple/paddlepaddle-gpu/); it is not compatible with this Python
    Skipping link https://files.pythonhosted.org/packages/d1/6b/d397c60830bfba48407df03ca33c07a0ef730d7f6ff467e5bd777c4e323d/paddlepaddle_gpu-0.15.0.post85-cp27-cp27mu-manylinux1_x86_64.whl#sha256=05e2726ae1a49342808df8b87be891dc4c5d152a2ab616dc2b329816fbaa7f4c (from https://pypi.org/simple/paddlepaddle-gpu/); it is not compatible with this Python
    Skipping link https://files.pythonhosted.org/packages/d3/af/6ed5d847cc76d636941df65c33073637cc6e4a780707907475a167a8342a/paddlepaddle_gpu-0.15.0.post87-cp27-cp27m-manylinux1_x86_64.whl#sha256=d11d2da939c083021b85f037e877d57395c4d9a93b05b8e87ddd6037ce942f3a (from https://pypi.org/simple/paddlepaddle-gpu/); it is not compatible with this Python
    Skipping link https://files.pythonhosted.org/packages/b4/1a/6fe392afda251894766752339eb81c2d9ddd4dc9304884c5c3e560870340/paddlepaddle_gpu-0.15.0.post87-cp27-cp27mu-manylinux1_x86_64.whl#sha256=73b484f4c8afde8606372f59aa5e13ae7eda641d699404bcb7e0ee04db35290f (from https://pypi.org/simple/paddlepaddle-gpu/); it is not compatible with this Python
    Skipping link https://files.pythonhosted.org/packages/94/09/f7e7f0d4142ab73fc9959f80c63140957eec90a4092263ea44a8af10f4bd/paddlepaddle_gpu-0.15.0.post97-cp27-cp27m-manylinux1_x86_64.whl#sha256=6708e2b67d59c42fe273661f8698e642be0974d1ea3ab594aca35be794cdfd88 (from https://pypi.org/simple/paddlepaddle-gpu/); it is not compatible with this Python
    Skipping link https://files.pythonhosted.org/packages/ef/b4/f8d1e9accc00a7817a0270e2bdf9b17d87b4bd869676177ced1ebad54ee2/paddlepaddle_gpu-0.15.0.post97-cp27-cp27mu-manylinux1_x86_64.whl#sha256=523f2d2a9d60d65009bfbb5ad3357870687b3e7df7a0a28d1b5baf9f244c23e0 (from https://pypi.org/simple/paddlepaddle-gpu/); it is not compatible with this Python
    Skipping link https://files.pythonhosted.org/packages/f5/94/4c3c8d2adf7c1f67eaf4dc36473bbc4052a12cf72a931cf9badd95fdd772/paddlepaddle_gpu-1.0.0.post85-cp27-cp27m-manylinux1_x86_64.whl#sha256=2034262229315c631871b88166232ed0baf974a47104a4b6de0a5dc3d80aa7d2 (from https://pypi.org/simple/paddlepaddle-gpu/); it is not compatible with this Python
    Skipping link https://files.pythonhosted.org/packages/de/4b/b21b09839d4f7a2f0c54770a3024435060d4759c23499b54a5d6a1ee5cab/paddlepaddle_gpu-1.0.0.post85-cp27-cp27mu-manylinux1_x86_64.whl#sha256=d1395acd4ec33d1ad768dae2cb98358636ebe52b6ba8f2acb5d8432cf26712cf (from https://pypi.org/simple/paddlepaddle-gpu/); it is not compatible with this Python
    Skipping link https://files.pythonhosted.org/packages/74/c3/aad257a0c17af6ccbfb30922f742f72f20086a2a78140ca951e6c2791714/paddlepaddle_gpu-1.0.0.post85-cp35-cp35m-manylinux1_x86_64.whl#sha256=6c4347250babca9a49aacc928719afc21812a8c5966f8a3578762e48c46199a1 (from https://pypi.org/simple/paddlepaddle-gpu/); it is not compatible with this Python
    Skipping link https://files.pythonhosted.org/packages/29/9b/9ec9831bbdc74e2950fcae0c271ecb62e9e9ae134c288f3736165b6f8e99/paddlepaddle_gpu-1.0.0.post87-cp27-cp27m-manylinux1_x86_64.whl#sha256=aa6c9518854d8f733d9e5ef688166dcb1a7291fa7a8a4e7b65d1de3a828bd6a9 (from https://pypi.org/simple/paddlepaddle-gpu/); it is not compatible with this Python
    Skipping link https://files.pythonhosted.org/packages/d2/ba/321df167d235f3947a07ad699a5452142727ae29eaf6a787b50795d945a0/paddlepaddle_gpu-1.0.0.post87-cp27-cp27mu-manylinux1_x86_64.whl#sha256=f53d99b4c52ba73822c76a7647ad10aadaea0bb7f62a2bf68c6c6c9fdff71cc5 (from https://pypi.org/simple/paddlepaddle-gpu/); it is not compatible with this Python
    Skipping link https://files.pythonhosted.org/packages/09/f4/d2dfbac6c438b57c42c1212b32e724e1c058647c6cf5aee16d08c36d63b1/paddlepaddle_gpu-1.0.0.post87-cp35-cp35m-manylinux1_x86_64.whl#sha256=a100fbb39099d7be6c2e99c1ad31db2fbcc0ea3d1d30872735972c4529795121 (from https://pypi.org/simple/paddlepaddle-gpu/); it is not compatible with this Python
    Skipping link https://files.pythonhosted.org/packages/54/f5/686ae6b0d035cb496949060dd0ce7fd0ee28ea14a4fa66482307602231a5/paddlepaddle_gpu-1.0.0.post97-cp27-cp27m-manylinux1_x86_64.whl#sha256=8567bcc9d35a693709ff6a8dd6e7e5cc3af0a98fe2977c3da38e85f6ad7f9a37 (from https://pypi.org/simple/paddlepaddle-gpu/); it is not compatible with this Python
    Skipping link https://files.pythonhosted.org/packages/07/f8/abdcc01921b9a4c19dd6b71e06fc57f447bdec49b71cf626fff632dd06bf/paddlepaddle_gpu-1.0.0.post97-cp27-cp27mu-manylinux1_x86_64.whl#sha256=1cb746e02c5dbf169d6fb9643bbba27e87aea0d7273c718f9575b97ffb73f28d (from https://pypi.org/simple/paddlepaddle-gpu/); it is not compatible with this Python
    Skipping link https://files.pythonhosted.org/packages/91/6b/4af55e7f3a5f2c2b7e2094355556e9dc507e37deabc6897636a31de64f55/paddlepaddle_gpu-1.0.0.post97-cp35-cp35m-manylinux1_x86_64.whl#sha256=7257569d60d9692f649df87b15c83dcba1d7281e6b1cd03db6b128c10c48679a (from https://pypi.org/simple/paddlepaddle-gpu/); it is not compatible with this Python
    Skipping link https://files.pythonhosted.org/packages/51/f7/e437f4881ee4958c48b227d75db6c71f7447e18504d1b9844c98ad1da7e2/paddlepaddle_gpu-1.0.1.post85-cp27-cp27m-manylinux1_x86_64.whl#sha256=c8566bf1ddd5cdd2a1aba92e7dd7b08a16ec872e71c552636ddb6a4aa17f54ba (from https://pypi.org/simple/paddlepaddle-gpu/); it is not compatible with this Python
    Skipping link https://files.pythonhosted.org/packages/4a/fc/0c8f159785ca60a9fe08eb81b1b1d261fa8c76793f7d87f9098216345b93/paddlepaddle_gpu-1.0.1.post85-cp27-cp27mu-manylinux1_x86_64.whl#sha256=af5a8ef75d825e68c1edde54e64a8af8baa49426a237b1554357cfbfd55c65ea (from https://pypi.org/simple/paddlepaddle-gpu/); it is not compatible with this Python
    Skipping link https://files.pythonhosted.org/packages/bb/57/d7e2c64a4a8988a89b6721b485bc97deb850d27da5e1b237d5d07902e717/paddlepaddle_gpu-1.0.1.post85-cp35-cp35m-manylinux1_x86_64.whl#sha256=2a9cce697e9051f75a1c9b11c7f1df455b9bcea6b0bb84e7d354e3d28868fceb (from https://pypi.org/simple/paddlepaddle-gpu/); it is not compatible with this Python
    Skipping link https://files.pythonhosted.org/packages/ad/92/d317cf8df793b7f1fe225c8758658ebec331abd77b1f51654852c118745f/paddlepaddle_gpu-1.0.1.post87-cp27-cp27m-manylinux1_x86_64.whl#sha256=bdbffb140ff0fc1bd9b62fdd6e07631a5d4c91483ac3b03393198e9abb5cfad5 (from https://pypi.org/simple/paddlepaddle-gpu/); it is not compatible with this Python
    Skipping link https://files.pythonhosted.org/packages/f0/7d/debf3fc2be7e9fb1e565a5f1959da3f7d89c61954e7beadc01ecc3662567/paddlepaddle_gpu-1.0.1.post87-cp27-cp27mu-manylinux1_x86_64.whl#sha256=a4083fd84c32af7acc0013b74eb95c6abac2cf468c7b2ee46d9e50378c8d685a (from https://pypi.org/simple/paddlepaddle-gpu/); it is not compatible with this Python
    Skipping link https://files.pythonhosted.org/packages/06/56/caea4cae9ac30bfb6bcc0a1ccee63647f23ab0ff942b8b1acd1059cc1f0e/paddlepaddle_gpu-1.0.1.post87-cp35-cp35m-manylinux1_x86_64.whl#sha256=89916cc0e7d2e8c8a6208ad9d5b5cbaa99a4559e0686b3550926a7a4febc8184 (from https://pypi.org/simple/paddlepaddle-gpu/); it is not compatible with this Python
    Skipping link https://files.pythonhosted.org/packages/89/08/53f04f462af3f8972a894517ab18a46a028d6244dd53552d5a02674bb8ce/paddlepaddle_gpu-1.0.1.post97-cp27-cp27m-manylinux1_x86_64.whl#sha256=0a05c9056d07bdb990d236e8b12a0764b6570f4f449936685b4e14940eb2b6ec (from https://pypi.org/simple/paddlepaddle-gpu/); it is not compatible with this Python
    Skipping link https://files.pythonhosted.org/packages/7f/5d/26c9ed1d191e5b4786499981e58964fa5c65a29edb7410516d2ff47a3f23/paddlepaddle_gpu-1.0.1.post97-cp27-cp27mu-manylinux1_x86_64.whl#sha256=79fcec79adacd9bd25c77e399583747e9af96cdfbec53211b6b0eaf7a3a43d46 (from https://pypi.org/simple/paddlepaddle-gpu/); it is not compatible with this Python
    Skipping link https://files.pythonhosted.org/packages/b6/32/387e2f465b71d1ace5ff6c52cc474f8d240fc3ac367830cf4949c45bf514/paddlepaddle_gpu-1.0.1.post97-cp35-cp35m-manylinux1_x86_64.whl#sha256=9f99f81a47a523f81bb2dbe10c91ca39474618c3926e499eb7146c6092d5ea4d (from https://pypi.org/simple/paddlepaddle-gpu/); it is not compatible with this Python
    Skipping link https://files.pythonhosted.org/packages/81/1f/5e59ed076291f04d74a82787de1afc42f6bd53c7b896d89b855e556f7e0d/paddlepaddle_gpu-1.0.2.post85-cp27-cp27m-manylinux1_x86_64.whl#sha256=57cbe0cbb9e2300a1848a9be1c32828095bfa53eb22c66a238d7986d23b8ef00 (from https://pypi.org/simple/paddlepaddle-gpu/); it is not compatible with this Python
    Skipping link https://files.pythonhosted.org/packages/20/0a/e391bdfae3c36a95bc45eaeb25112d6680dba02a915379f7e33029d85b67/paddlepaddle_gpu-1.0.2.post85-cp27-cp27mu-manylinux1_x86_64.whl#sha256=c28af6030f5728880809ac64b7d47cb4ed10bcfabc21928aab8e678692d19909 (from https://pypi.org/simple/paddlepaddle-gpu/); it is not compatible with this Python
    Skipping link https://files.pythonhosted.org/packages/68/90/2acf3947f2d59339c30ef106f9697f5bbf0b923b3c9a47073290e1019e20/paddlepaddle_gpu-1.0.2.post85-cp35-cp35m-manylinux1_x86_64.whl#sha256=73e4038ec7cd7fee1db22073b563afd89f82f53113ae8f24d6aa2562ddfb8ebb (from https://pypi.org/simple/paddlepaddle-gpu/); it is not compatible with this Python
    Skipping link https://files.pythonhosted.org/packages/df/58/f7279b22a2f5bd50bf4d1bce83e5d4ee0311529e3cae9e876fbb32b8047e/paddlepaddle_gpu-1.0.2.post87-cp27-cp27m-manylinux1_x86_64.whl#sha256=0d7f52e9cf3f50ae9feb220e1c04c38c1396f30ec7fc3451839f1016afcc3ac6 (from https://pypi.org/simple/paddlepaddle-gpu/); it is not compatible with this Python
    Skipping link https://files.pythonhosted.org/packages/9a/71/30b6b6db581b002ff905dda7616e9d696c01df1de3113f8e36f63b954bcd/paddlepaddle_gpu-1.0.2.post87-cp27-cp27mu-manylinux1_x86_64.whl#sha256=9b52b7e41a92e9fda29f598035b268ad43355ebf6ad5a1e5a5d64fef2438253f (from https://pypi.org/simple/paddlepaddle-gpu/); it is not compatible with this Python
    Skipping link https://files.pythonhosted.org/packages/53/81/b58993848c87c1d641f2533a726d95ef43bbe6d5b88b6b740f1dc7517dac/paddlepaddle_gpu-1.0.2.post87-cp35-cp35m-manylinux1_x86_64.whl#sha256=f51aa5bd867b5805e09fa99c757e08b58320fe4d76994d3a2925a030426e2544 (from https://pypi.org/simple/paddlepaddle-gpu/); it is not compatible with this Python
    Skipping link https://files.pythonhosted.org/packages/9e/ff/be6d031e335d3c8ffb0776fbf99dd14d6f12817bd68606346f0e77303c01/paddlepaddle_gpu-1.0.2.post97-cp27-cp27m-manylinux1_x86_64.whl#sha256=bd9f06eda22bbd931ed98a9838aa7f6d6e7ead285bb36ce3245d8fdd2bca05ea (from https://pypi.org/simple/paddlepaddle-gpu/); it is not compatible with this Python
    Skipping link https://files.pythonhosted.org/packages/8b/9f/dc725a750fca59de9131ea7760b4e2ef9cbfb216e65766b00fd52e58658a/paddlepaddle_gpu-1.0.2.post97-cp27-cp27mu-manylinux1_x86_64.whl#sha256=30b4743a06dd95c1f3c7db2461a3d0c71fdf97b998e8eeb07377f2f962f24313 (from https://pypi.org/simple/paddlepaddle-gpu/); it is not compatible with this Python
    Skipping link https://files.pythonhosted.org/packages/fb/4e/5ed1022d1acd493d0f6444dc6eee07c6fdb1e5f9e03d98427fade488fb69/paddlepaddle_gpu-1.0.2.post97-cp35-cp35m-manylinux1_x86_64.whl#sha256=790eb85814a1d775f29f5e9b85009305cf104ec70a7a56e1d5059a5186e1a1bb (from https://pypi.org/simple/paddlepaddle-gpu/); it is not compatible with this Python
    Skipping link https://files.pythonhosted.org/packages/5a/54/5816797e0dc1f030c6683b49cbaa53f4c09772b077c1b9160de0a9e20bc4/paddlepaddle_gpu-1.1.0.post85-cp27-cp27m-manylinux1_x86_64.whl#sha256=cc53b64b89d21a0dd7f6a6b1ff18b7c747710228ac650c23697cb9c737a94f30 (from https://pypi.org/simple/paddlepaddle-gpu/); it is not compatible with this Python
    Skipping link https://files.pythonhosted.org/packages/0b/c2/c392992d96e7fd95faa444875d165e0a1128679db002679431414f4011b1/paddlepaddle_gpu-1.1.0.post85-cp27-cp27mu-manylinux1_x86_64.whl#sha256=8cdb22d3bfd6c8e6e6e1d339f0c15cd5c2ba02041d15b69bf573247b3e01b30c (from https://pypi.org/simple/paddlepaddle-gpu/); it is not compatible with this Python
    Skipping link https://files.pythonhosted.org/packages/89/f8/a5d3137e87d848eaea1eb0de76477a8a65e06ad549c55aa5b2821e070735/paddlepaddle_gpu-1.1.0.post85-cp35-cp35m-manylinux1_x86_64.whl#sha256=05dd6e77eaff5c47897059a72d79aa376b74c5e3c872fa79e63ad6bc99990f91 (from https://pypi.org/simple/paddlepaddle-gpu/); it is not compatible with this Python
    Skipping link https://files.pythonhosted.org/packages/8f/79/b9a1c5bdaef927c99bc71bf4964456c37e99a028090dbcb74170f2df0566/paddlepaddle_gpu-1.1.0.post87-cp27-cp27m-manylinux1_x86_64.whl#sha256=a97d67a25ad7da4da20999458b23d54dc689713fafdfdd6e443a2bdf81338b01 (from https://pypi.org/simple/paddlepaddle-gpu/); it is not compatible with this Python
    Skipping link https://files.pythonhosted.org/packages/aa/9b/f228283c767a18fce0951dd66c5013fd7067157c1ed7b2e5919f1661fc6d/paddlepaddle_gpu-1.1.0.post87-cp27-cp27mu-manylinux1_x86_64.whl#sha256=4e4e8e04ef7486c64c75298adee17da0b5c2c69c55d0fc8b1af797e867520aab (from https://pypi.org/simple/paddlepaddle-gpu/); it is not compatible with this Python
    Skipping link https://files.pythonhosted.org/packages/83/9d/0425b7015667b646c899d172ef7b76a3917181ebf150b503f0547921e2d0/paddlepaddle_gpu-1.1.0.post87-cp35-cp35m-manylinux1_x86_64.whl#sha256=f31381e8ce377e71bff8386e029f0140f93e3990b80c59df61727ec53a9b3bf5 (from https://pypi.org/simple/paddlepaddle-gpu/); it is not compatible with this Python
    Skipping link https://files.pythonhosted.org/packages/2e/f6/88f32080cc69e176f53508b2cb36569f84a19549526631937f9c4a441b23/paddlepaddle_gpu-1.1.0.post97-cp27-cp27m-manylinux1_x86_64.whl#sha256=b4f567269b6ac1cf9118fc7a7b059ec4ddc81cfe9666ed15edc47bc81ef3b524 (from https://pypi.org/simple/paddlepaddle-gpu/); it is not compatible with this Python
    Skipping link https://files.pythonhosted.org/packages/96/b0/7344d1a6a8daddbe04f34ee945d0fc5dd0a2961eebe341284d072c876350/paddlepaddle_gpu-1.1.0.post97-cp27-cp27mu-manylinux1_x86_64.whl#sha256=f82096d030a9cc4825106999646a4306661056538adfcdbeb8250ad92a5f49e9 (from https://pypi.org/simple/paddlepaddle-gpu/); it is not compatible with this Python
    Skipping link https://files.pythonhosted.org/packages/ac/93/c202352ab4c11f6aa4d9287f5662cca2fb52c71fc7929541efe195de063b/paddlepaddle_gpu-1.1.0.post97-cp35-cp35m-manylinux1_x86_64.whl#sha256=0b3751f19b4a04965d722fa4ee9e21132a6ec9cdfaf87c2829fb3d1f965598d9 (from https://pypi.org/simple/paddlepaddle-gpu/); it is not compatible with this Python
    Skipping link https://files.pythonhosted.org/packages/2b/65/4a88139720120b58509782ff4131b5d01ce75b4bec1f8a8a433b299a11f3/paddlepaddle_gpu-1.2.0.post85-cp27-cp27m-manylinux1_x86_64.whl#sha256=04f2f60660070d2bddc8f41bbc776745e0522343977a8a9bb1fd0757ab8bce62 (from https://pypi.org/simple/paddlepaddle-gpu/); it is not compatible with this Python
    Skipping link https://files.pythonhosted.org/packages/be/77/0256033bb63424bd8c7f9ef3b51d9bc33c3f8bf30b638c9334edda7c067f/paddlepaddle_gpu-1.2.0.post85-cp27-cp27mu-manylinux1_x86_64.whl#sha256=93946bafaabb9cc9069f796c3e522b5dc95269074331acf8f34736ba7ceb1a64 (from https://pypi.org/simple/paddlepaddle-gpu/); it is not compatible with this Python
    Skipping link https://files.pythonhosted.org/packages/c0/c3/e6fee9a42d8e539cdd34ba788533b47edfbc1e792a0b735d7ec11faf95c2/paddlepaddle_gpu-1.2.0.post85-cp35-cp35m-manylinux1_x86_64.whl#sha256=8e4df4712470704d684a374a4035035c6f9f46ca5030fe915204f9bef2bacef7 (from https://pypi.org/simple/paddlepaddle-gpu/); it is not compatible with this Python
    Skipping link https://files.pythonhosted.org/packages/bf/ed/b35c7b4ec4ac39231e8763f30fa8c09ba446b89b4ffe65b2121e347484ef/paddlepaddle_gpu-1.2.0.post85-cp36-cp36m-manylinux1_x86_64.whl#sha256=eb7953ef8289b235cce1b8925624017f775d5e7f9b1df30cad890bdc418a2fba (from https://pypi.org/simple/paddlepaddle-gpu/); it is not compatible with this Python
    Skipping link https://files.pythonhosted.org/packages/20/1a/e7b6841594ea2e01665f8656765e8b0ae04a98176cdf40309c07bf2cb8e4/paddlepaddle_gpu-1.2.0.post85-cp37-cp37m-manylinux1_x86_64.whl#sha256=665164050152e56b23d17a244708fceca5c935c29b6ffa0b750a80a26f05cb7d (from https://pypi.org/simple/paddlepaddle-gpu/); it is not compatible with this Python
    Skipping link https://files.pythonhosted.org/packages/b1/22/c3bedac9cc3a513e91e820522d5cf78c56bbc20a31af72bc6dfc1718c4e1/paddlepaddle_gpu-1.2.0.post87-cp27-cp27m-manylinux1_x86_64.whl#sha256=2e231c134ff71d1bc8f903884aee383f3e2088df859b46983ddfdff6dc46a341 (from https://pypi.org/simple/paddlepaddle-gpu/); it is not compatible with this Python
    Skipping link https://files.pythonhosted.org/packages/ce/84/8efae486400a62ddf43468fb977bab18bd493d097af301b32e1f4960c082/paddlepaddle_gpu-1.2.0.post87-cp27-cp27mu-manylinux1_x86_64.whl#sha256=9f2139f2cf3b08a50dad438377f7d49e9e624a8b0d426153619297ac0d3ed5d7 (from https://pypi.org/simple/paddlepaddle-gpu/); it is not compatible with this Python
    Skipping link https://files.pythonhosted.org/packages/3c/da/0d3ab7de173df790f4855f8983cf0708d8aaca4fff4877e781d0fd8a9898/paddlepaddle_gpu-1.2.0.post87-cp35-cp35m-manylinux1_x86_64.whl#sha256=677fe7a27e23fd491de92e7e0c70cfe47f70daf7eaf042dcd4e92d0414282819 (from https://pypi.org/simple/paddlepaddle-gpu/); it is not compatible with this Python
    Skipping link https://files.pythonhosted.org/packages/96/5f/6aeb21b570670c1dfbc059e7682d86459dea7055e7c6707a9d16353bd4af/paddlepaddle_gpu-1.2.0.post87-cp36-cp36m-manylinux1_x86_64.whl#sha256=7e972998b00ee3fdf783749bdd99dc982523d076e46feb32506a82c8e650bb47 (from https://pypi.org/simple/paddlepaddle-gpu/); it is not compatible with this Python
    Skipping link https://files.pythonhosted.org/packages/6b/cb/b5adf31c91eae6e1c52e8b29510c178b7dde220e4ac99d462e7edd6fcadf/paddlepaddle_gpu-1.2.0.post87-cp37-cp37m-manylinux1_x86_64.whl#sha256=187d23d01d7aa9072d0ce3697c845babe5fa6c383b5c567a760aef50c850e322 (from https://pypi.org/simple/paddlepaddle-gpu/); it is not compatible with this Python
    Skipping link https://files.pythonhosted.org/packages/55/20/445ef2c5f0b59b2ed3cc867e9079d929aec772cb5909c846174ac853c0b4/paddlepaddle_gpu-1.2.0.post97-cp27-cp27m-manylinux1_x86_64.whl#sha256=2195163752465544ce08e123dcd3f6f1511c3263a7c1bc10ebd64d7828812527 (from https://pypi.org/simple/paddlepaddle-gpu/); it is not compatible with this Python
    Skipping link https://files.pythonhosted.org/packages/b5/7e/b8d60d2d14f2b43a2bf917b762c4903d0a4deeba866082c3df11ada54f4c/paddlepaddle_gpu-1.2.0.post97-cp27-cp27mu-manylinux1_x86_64.whl#sha256=75896993098f04ca9afd3f0e43c62f3a1470bc00f1c836cdd7cdb868cc198acf (from https://pypi.org/simple/paddlepaddle-gpu/); it is not compatible with this Python
    Skipping link https://files.pythonhosted.org/packages/1c/2b/ae048eabdf94cab36522570e8a0e60a015560bcdf8cbba550a0966fa9d15/paddlepaddle_gpu-1.2.0.post97-cp35-cp35m-manylinux1_x86_64.whl#sha256=23c30fcaa68dd6bcb2ae91dc0033cc36c9c6fa456e65f9756c7b3dcc85645ff8 (from https://pypi.org/simple/paddlepaddle-gpu/); it is not compatible with this Python
    Skipping link https://files.pythonhosted.org/packages/15/3a/7ef276960900a87535a23a5ea433f58f2015b9284f22c494717c9e0928fb/paddlepaddle_gpu-1.2.0.post97-cp36-cp36m-manylinux1_x86_64.whl#sha256=d2181a4e9f3fdf6478697d2e56eb19266657da87fb16f61d29817626265e9830 (from https://pypi.org/simple/paddlepaddle-gpu/); it is not compatible with this Python
    Skipping link https://files.pythonhosted.org/packages/34/66/97097c1879f1c46e4c9ef6253d75a9f8b9a903bac7d02634e851bdc71f1e/paddlepaddle_gpu-1.2.0.post97-cp37-cp37m-manylinux1_x86_64.whl#sha256=330b9743503c824928f893237d75195b690b2d9acb04d1902faa38f1c2f463f7 (from https://pypi.org/simple/paddlepaddle-gpu/); it is not compatible with this Python
    Skipping link https://files.pythonhosted.org/packages/68/3d/9cf49279a6aca1fd86c372c63398bfa9906f49cf8c9134671412173c4b0d/paddlepaddle_gpu-1.2.1.post85-cp27-cp27m-manylinux1_x86_64.whl#sha256=98a015c8b7c27f1f137a0d648833e4b5a8442c7413490a5a2ba307008e1448e3 (from https://pypi.org/simple/paddlepaddle-gpu/); it is not compatible with this Python
    Skipping link https://files.pythonhosted.org/packages/c0/f1/5f9f0ac264591d53a118b1dc65a3fe377e551d552c79a639008117111ff8/paddlepaddle_gpu-1.2.1.post85-cp27-cp27mu-manylinux1_x86_64.whl#sha256=d063977de57fbfb35141c14b96239af36a94d0d9f9652f118480aae1eea83130 (from https://pypi.org/simple/paddlepaddle-gpu/); it is not compatible with this Python
    Skipping link https://files.pythonhosted.org/packages/ff/6f/6cdf369f88a7c3fdb66b78ac98d0adf70d020281fb90091d0965c1175238/paddlepaddle_gpu-1.2.1.post85-cp35-cp35m-manylinux1_x86_64.whl#sha256=f33ff3f4bf6dee990cf35273986f9e26865767ed03af023728e204e8128f166b (from https://pypi.org/simple/paddlepaddle-gpu/); it is not compatible with this Python
    Skipping link https://files.pythonhosted.org/packages/44/4f/6d613f750ea8668a6f33bdebed86ab93f4330a803d7d8d8790d9096b058c/paddlepaddle_gpu-1.2.1.post85-cp36-cp36m-manylinux1_x86_64.whl#sha256=a96ab86e79125646831cf96a0e44be598dce213130b4fcd67d8c818617d144cb (from https://pypi.org/simple/paddlepaddle-gpu/); it is not compatible with this Python
    Skipping link https://files.pythonhosted.org/packages/a1/42/81b2ed4a344435d1fa0237f1a649132bc7246ffe67165fe407e03f83897e/paddlepaddle_gpu-1.2.1.post85-cp37-cp37m-manylinux1_x86_64.whl#sha256=0bcaa490c4091a43645b1f715d6f7dd6f2da34a8c4b17205991a2d33efce0ff8 (from https://pypi.org/simple/paddlepaddle-gpu/); it is not compatible with this Python
    Skipping link https://files.pythonhosted.org/packages/e3/90/f1fb26412db17605052c95a0cba7f2ed6daa16d9bff735b4899c582b1638/paddlepaddle_gpu-1.2.1.post87-cp27-cp27m-manylinux1_x86_64.whl#sha256=dd2ae8618a831e031c948464ed182fab7ffb5dc8af9c715feff562069cf5181f (from https://pypi.org/simple/paddlepaddle-gpu/); it is not compatible with this Python
    Skipping link https://files.pythonhosted.org/packages/2a/77/c7f71a61cf0e48231c80af6d470490d2c8e2439aa391748675f3d7ab7528/paddlepaddle_gpu-1.2.1.post87-cp27-cp27mu-manylinux1_x86_64.whl#sha256=36feaa5670c4a731c2049ce72f6aa860a56886e96b4d6f087123ac9dc9789466 (from https://pypi.org/simple/paddlepaddle-gpu/); it is not compatible with this Python
    Skipping link https://files.pythonhosted.org/packages/0a/59/ff6b8e29836ad2522a9d71243ebb22a8175149a948c7804d0a0ad1b38f2e/paddlepaddle_gpu-1.2.1.post87-cp35-cp35m-manylinux1_x86_64.whl#sha256=5c3444e5c8b03c46e138a154c6d80b8995912ca4d640bf90d0551929c8da1669 (from https://pypi.org/simple/paddlepaddle-gpu/); it is not compatible with this Python
    Skipping link https://files.pythonhosted.org/packages/ee/04/6f707b1ff796bc4aea4092edaa4e7350c2fb502cd216cd6300f43929d95b/paddlepaddle_gpu-1.2.1.post87-cp36-cp36m-manylinux1_x86_64.whl#sha256=5d5239fe4a19d3001892f519e48cc5967f2eccbbda22105da3c2ce784a699924 (from https://pypi.org/simple/paddlepaddle-gpu/); it is not compatible with this Python
    Skipping link https://files.pythonhosted.org/packages/1e/fe/29d0dcf5a2a67ed92e7c38be8a3b19cf4d202e71b7a40ba35b7d9910b15d/paddlepaddle_gpu-1.2.1.post87-cp37-cp37m-manylinux1_x86_64.whl#sha256=d47244006cf684d3fd8e793c74ce313aba4d6989b6fd5b60a40f154f0283a264 (from https://pypi.org/simple/paddlepaddle-gpu/); it is not compatible with this Python
    Skipping link https://files.pythonhosted.org/packages/5a/1c/48073a95b0f29bc8651195b4df079eba2f2f71b5cc64ca20a9c08e3103d6/paddlepaddle_gpu-1.2.1.post97-cp27-cp27m-manylinux1_x86_64.whl#sha256=de491fd30b7617306ec6a4926f83e620cd5f55044c425d07207a1225fbcae0b8 (from https://pypi.org/simple/paddlepaddle-gpu/); it is not compatible with this Python
    Skipping link https://files.pythonhosted.org/packages/d9/d3/165fbe3ff28aab5bea23b33d2e879c72338c9e2559304444025b2ec0918e/paddlepaddle_gpu-1.2.1.post97-cp27-cp27mu-manylinux1_x86_64.whl#sha256=bd924cde0418241492622ab1b71a1d05f8fa52026ca55ce0f1f22df7907e2e5a (from https://pypi.org/simple/paddlepaddle-gpu/); it is not compatible with this Python
    Skipping link https://files.pythonhosted.org/packages/18/87/100b2884fe99ffd60e3720948a51275d2eabe58ec6535d332575f2a37450/paddlepaddle_gpu-1.2.1.post97-cp35-cp35m-manylinux1_x86_64.whl#sha256=38c1fc3214efaa7afffbafba4e5257699666c00da0bbcb1be747c6df43a51713 (from https://pypi.org/simple/paddlepaddle-gpu/); it is not compatible with this Python
    Skipping link https://files.pythonhosted.org/packages/08/a9/a50c98b88761f751c6fdecfd0cd0da8d2f848a33de3e7e6be8d7a9f7854e/paddlepaddle_gpu-1.2.1.post97-cp36-cp36m-manylinux1_x86_64.whl#sha256=8938d818d19146a36797edcb6c7c207042d9c4c3feca2ab4c5fcd6cd69393f9b (from https://pypi.org/simple/paddlepaddle-gpu/); it is not compatible with this Python
    Skipping link https://files.pythonhosted.org/packages/9c/51/7fe6d24d05f73e72c5de6abfaf6d3de17e0ae6a58f3dc7af5680299855f2/paddlepaddle_gpu-1.2.1.post97-cp37-cp37m-manylinux1_x86_64.whl#sha256=5f219bd961c76997527ab3d9c97607957c6d6e835b2aa7681dd437dc3f1bb585 (from https://pypi.org/simple/paddlepaddle-gpu/); it is not compatible with this Python
Removed build tracker '/private/var/folders/2x/7t9b58f93mb_80_72sw5r7lr0000gn/T/pip-req-tracker-ax6n4flt'
Exception information:
Traceback (most recent call last):
  File "/Users/wangyi/Python_VirtualMachine/tensorflow/lib/python3.5/site-packages/pip/_internal/cli/base_command.py", line 143, in main
    status = self.run(options, args)
  File "/Users/wangyi/Python_VirtualMachine/tensorflow/lib/python3.5/site-packages/pip/_internal/commands/download.py", line 162, in run
    resolver.resolve(requirement_set)
  File "/Users/wangyi/Python_VirtualMachine/tensorflow/lib/python3.5/site-packages/pip/_internal/resolve.py", line 102, in resolve
    self._resolve_one(requirement_set, req)
  File "/Users/wangyi/Python_VirtualMachine/tensorflow/lib/python3.5/site-packages/pip/_internal/resolve.py", line 256, in _resolve_one
    abstract_dist = self._get_abstract_dist_for(req_to_install)
  File "/Users/wangyi/Python_VirtualMachine/tensorflow/lib/python3.5/site-packages/pip/_internal/resolve.py", line 209, in _get_abstract_dist_for
    self.require_hashes
  File "/Users/wangyi/Python_VirtualMachine/tensorflow/lib/python3.5/site-packages/pip/_internal/operations/prepare.py", line 218, in prepare_linked_requirement
    req.populate_link(finder, upgrade_allowed, require_hashes)
  File "/Users/wangyi/Python_VirtualMachine/tensorflow/lib/python3.5/site-packages/pip/_internal/req/req_install.py", line 164, in populate_link
    self.link = finder.find_requirement(self, upgrade)
  File "/Users/wangyi/Python_VirtualMachine/tensorflow/lib/python3.5/site-packages/pip/_internal/index.py", line 621, in find_requirement
    'No matching distribution found for %s' % req
pip._internal.exceptions.DistributionNotFound: No matching distribution found for paddlepaddle-gpu
1 location(s) to search for versions of pip:
* https://pypi.org/simple/pip/
Getting page https://pypi.org/simple/pip/
Starting new HTTPS connection (1): pypi.org:443
https://pypi.org:443 "GET /simple/pip/ HTTP/1.1" 200 10163
Analyzing links from page https://pypi.org/simple/pip/
  Found link https://files.pythonhosted.org/packages/3d/9d/1e313763bdfb6a48977b65829c6ce2a43eaae29ea2f907c8bbef024a7219/pip-0.2.tar.gz#sha256=88bb8d029e1bf4acd0e04d300104b7440086f94cc1ce1c5c3c31e3293aee1f81 (from https://pypi.org/simple/pip/), version: 0.2
  Found link https://files.pythonhosted.org/packages/18/ad/c0fe6cdfe1643a19ef027c7168572dac6283b80a384ddf21b75b921877da/pip-0.2.1.tar.gz#sha256=83522005c1266cc2de97e65072ff7554ac0f30ad369c3b02ff3a764b962048da (from https://pypi.org/simple/pip/), version: 0.2.1
  Found link https://files.pythonhosted.org/packages/17/05/f66144ef69b436d07f8eeeb28b7f77137f80de4bf60349ec6f0f9509e801/pip-0.3.tar.gz#sha256=183c72455cb7f8860ac1376f8c4f14d7f545aeab8ee7c22cd4caf79f35a2ed47 (from https://pypi.org/simple/pip/), version: 0.3
  Found link https://files.pythonhosted.org/packages/0a/bb/d087c9a1415f8726e683791c0b2943c53f2b76e69f527f2e2b2e9f9e7b5c/pip-0.3.1.tar.gz#sha256=34ce534f17065c78f980702928e988a6b6b2d8a9851aae5f1571a1feb9bb58d8 (from https://pypi.org/simple/pip/), version: 0.3.1
  Found link https://files.pythonhosted.org/packages/cf/c3/153571aaac6cf999f4bb09c019b1ff379b7b599ea833813a41c784eec995/pip-0.4.tar.gz#sha256=28fc67558874f71fddda7168f73595f1650523dce3bc5bf189713ecdfc1e456e (from https://pypi.org/simple/pip/), version: 0.4
  Found link https://files.pythonhosted.org/packages/8d/c7/f05c87812fa5d9562ecbc5f4f1fc1570444f53c81c834a7f662af406e3c1/pip-0.5.tar.gz#sha256=328d8412782f22568508a0d0c78a49c9920a82e44c8dfca49954fe525c152b2a (from https://pypi.org/simple/pip/), version: 0.5
  Found link https://files.pythonhosted.org/packages/9a/aa/f536b6d14fe03343367da2ff44eee28f340ae650cd017ca088b6be13084a/pip-0.5.1.tar.gz#sha256=e27650538c41fe1007a41abd4cfd0f905b822622cbe1f8e7e09d1215af207694 (from https://pypi.org/simple/pip/), version: 0.5.1
  Found link https://files.pythonhosted.org/packages/db/e6/fdf7be8a17b032c533d3f91e91e2c63dd81d3627cbe4113248a00c2d39d8/pip-0.6.tar.gz#sha256=4cf47db6815b2f435d1f44e1f35ff04823043f6161f7df9aec71a123b0c47f0d (from https://pypi.org/simple/pip/), version: 0.6
  Found link https://files.pythonhosted.org/packages/91/cd/105f4d3c75d0ae18e12623acc96f42168aaba408dd6e43c4505aa21f8e37/pip-0.6.1.tar.gz#sha256=efe47e84ffeb0ea4804f9858b8a94bebd07f5452f907ebed36d03aed06a9f9ec (from https://pypi.org/simple/pip/), version: 0.6.1
  Found link https://files.pythonhosted.org/packages/1c/c7/c0e1a9413c37828faf290f29a85a4d6034c145cc04bf1622ba8beb662ad8/pip-0.6.2.tar.gz#sha256=1c1a504d7e70d2c24246f95bd16e3d5fcec740fd144df69a407bf65a2ee67586 (from https://pypi.org/simple/pip/), version: 0.6.2
  Found link https://files.pythonhosted.org/packages/3f/af/c4b9d49fb0f286996b28dbc0955c3ad359794697eb98e0e69863908070b0/pip-0.6.3.tar.gz#sha256=1a6df71eb29b98cba11bde6d6a0d8c6dd8b0518e74ceb71fb31ea4fbb42fd313 (from https://pypi.org/simple/pip/), version: 0.6.3
  Found link https://files.pythonhosted.org/packages/ec/7a/6fe91ff0079ad0437830957c459d52f3923e516f5b453218f2a93d09a427/pip-0.7.tar.gz#sha256=ceaea0b9e494d893c8a191895301b79c1db33e41f14d3ad93e3d28a8b4e9bf27 (from https://pypi.org/simple/pip/), version: 0.7
  Found link https://files.pythonhosted.org/packages/a5/63/11303863c2f5e9d9a15d89fcf7513a4b60987007d418862e0fb65c09fff7/pip-0.7.1.tar.gz#sha256=f54f05aa17edd0036de433c44892c8fedb1fd2871c97829838feb995818d24c3 (from https://pypi.org/simple/pip/), version: 0.7.1
  Found link https://files.pythonhosted.org/packages/cd/a9/1debaa96bbc1005c1c8ad3b79fec58c198d35121546ea2e858ce0894268a/pip-0.7.2.tar.gz#sha256=98df2eb779358412bbbae75980171ae85deebc846d87e244d086520b1212da09 (from https://pypi.org/simple/pip/), version: 0.7.2
  Found link https://files.pythonhosted.org/packages/74/54/f785c327fb3d163560a879b36edae5c78ee07806be282c9d4807f6be7dd1/pip-0.8.tar.gz#sha256=9017e4484a212dd4e1a43dd9f039dd7fc8338d4eea1c339d5ae1c80726de5b0f (from https://pypi.org/simple/pip/), version: 0.8
  Found link https://files.pythonhosted.org/packages/5c/79/5e8381cc3078bae92166f2ba96de8355e8c181926505ba8882f7b099a500/pip-0.8.1.tar.gz#sha256=7176a87f35675f6468341212f3b959bb51d23ea66eb1c3692bf746c45c716fa2 (from https://pypi.org/simple/pip/), version: 0.8.1
  Found link https://files.pythonhosted.org/packages/17/3e/0a98ab032991518741e7e712a719633e6ae160f51b3d3e855194530fd308/pip-0.8.2.tar.gz#sha256=f80a3549c048bc3bbcb47844826e9c7c6fcd87e77b92bef0d9e66d1b397c4962 (from https://pypi.org/simple/pip/), version: 0.8.2
  Found link https://files.pythonhosted.org/packages/f7/9a/943fc6d879ed7220bac2e7e53096bfe78abec88d77f2f516400e0129679e/pip-0.8.3.tar.gz#sha256=1be2e18edd38aa75b5e4ef38a99ec33ba9247177cfcb4a6d2d2b3e73430e3001 (from https://pypi.org/simple/pip/), version: 0.8.3
  Found link https://files.pythonhosted.org/packages/24/33/6eb675fb6db7b71d69d6928b33dea61b8bf5cfe1e5649be70ec84ce2fc09/pip-1.0.tar.gz#sha256=34ba07e2d14ba86d5088ba896ac80bed845a9b276ab8acb279b8d99bc77fec8e (from https://pypi.org/simple/pip/), version: 1.0
  Found link https://files.pythonhosted.org/packages/10/d9/f584e6107ef98ad7eaaaa5d0f756bfee12561fa6a4712ffdb7209e0e1fd4/pip-1.0.1.tar.gz#sha256=37d2f18213d3845d2038dd3686bc71fc12bb41ad66c945a8b0dfec2879f3497b (from https://pypi.org/simple/pip/), version: 1.0.1
  Found link https://files.pythonhosted.org/packages/16/90/5e6f80364d8a656f60681dfb7330298edef292d43e1499bcb3a4c71ff0b9/pip-1.0.2.tar.gz#sha256=a6ed9b36aac2f121c01a2c9e0307a9e4d9438d100a407db701ac65479a3335d2 (from https://pypi.org/simple/pip/), version: 1.0.2
  Found link https://files.pythonhosted.org/packages/25/57/0d42cf5307d79913a082c5c4397d46f3793bc35e1138a694136d6e31be99/pip-1.1.tar.gz#sha256=993804bb947d18508acee02141281c77d27677f8c14eaa64d6287a1c53ef01c8 (from https://pypi.org/simple/pip/), version: 1.1
  Found link https://files.pythonhosted.org/packages/ba/c3/4e1f892f41aaa217fe0d1f827fa05928783349c69f3cc06fdd68e112678a/pip-1.2.tar.gz#sha256=2b168f1987403f1dc6996a1f22a6f6637b751b7ab6ff27e78380b8d6e70aa314 (from https://pypi.org/simple/pip/), version: 1.2
  Found link https://files.pythonhosted.org/packages/c3/a2/a63244da32afd9ce9a8ca1bd86e71610039adea8b8314046ebe5047527a6/pip-1.2.1.tar.gz#sha256=12a9302acfca62cdc7bc5d83386cac3e0581db61ac39acdb3a4e766a16b88eb1 (from https://pypi.org/simple/pip/), version: 1.2.1
  Found link https://files.pythonhosted.org/packages/00/45/69d4f2602b80550bfb26cfd2f62c2f05b3b5c7352705d3766cd1e5b27648/pip-1.3.tar.gz#sha256=d6a13c5be316cb21a0243047c7f163f47e88973ebccff8d32e63ca1bf4d9321c (from https://pypi.org/simple/pip/), version: 1.3
  Found link https://files.pythonhosted.org/packages/5b/ce/f5b98104f1c10d868936c25f7c597f492d4371aa9ad5fb61a94954ee7208/pip-1.3.1.tar.gz#sha256=145eaa5d1ea1b062663da1f3a97780d7edea4c63c68a37c463b1deedf7bb4957 (from https://pypi.org/simple/pip/), version: 1.3.1
  Found link https://files.pythonhosted.org/packages/5f/d0/3b3958f6a58783bae44158b2c4c7827ae89abaecdd4bed12cff402620b9a/pip-1.4.tar.gz#sha256=1fd43cbf07d95ddcecbb795c97a1674b3ddb711bb4a67661284a5aa765aa1b97 (from https://pypi.org/simple/pip/), version: 1.4
  Found link https://files.pythonhosted.org/packages/3f/f8/da390e0df72fb61d176b25a4b95262e3dcc14bda0ad25ac64d56db38b667/pip-1.4.1.tar.gz#sha256=4e7a06554711a624c35d0c646f63674b7f6bfc7f80221bf1eb1f631bd890d04e (from https://pypi.org/simple/pip/), version: 1.4.1
  Found link https://files.pythonhosted.org/packages/4f/7d/e53bc80667378125a9e07d4929a61b0bd7128a1129dbe6f07bb3228652a3/pip-1.5.tar.gz#sha256=25f81d1a0e55d3b1709818dd57fdfb954b028f229f09bd69cb0bc80a8e03e048 (from https://pypi.org/simple/pip/), version: 1.5
  Found link https://files.pythonhosted.org/packages/44/5d/1dca53b5de6d287e7eb99bd174bb022eb6cb0d6ca6e19ca6b16655dde8c2/pip-1.5.1-py2.py3-none-any.whl#sha256=00960db3b0b8724dd37fe37cfb9c72ecb8f59fab9db7d17c5c1e89a1adab49ce (from https://pypi.org/simple/pip/), version: 1.5.1
  Found link https://files.pythonhosted.org/packages/21/3f/d86a600c9b2f41a75caacf768a24130f343def97652de2345da15ef7911f/pip-1.5.1.tar.gz#sha256=e60e936fbc101d56668c6134c1f2b5b40fcbec8b4fc4ca7fc34842b6b4c5c130 (from https://pypi.org/simple/pip/), version: 1.5.1
  Found link https://files.pythonhosted.org/packages/3d/1f/227d77d5e9ed2df5162de4ba3616799a351eccb1ecd668ae824dd26153a1/pip-1.5.2-py2.py3-none-any.whl#sha256=6903909ccdcdbc3297b74118590e71344d6d262827acd1f5c0e2fcfce9807499 (from https://pypi.org/simple/pip/), version: 1.5.2
  Found link https://files.pythonhosted.org/packages/ed/94/391a003107f6ec997c314199d03bff1c105af758ee490e3255353574487b/pip-1.5.2.tar.gz#sha256=2a8a3e08e652d3a40edbb39264bf01f8ff3c32520a79113357cca1f30533f738 (from https://pypi.org/simple/pip/), version: 1.5.2
  Found link https://files.pythonhosted.org/packages/df/e9/bdb53d44fad1465b43edaf6bc7dd3027ed5af81405cc97603fdff0721ebb/pip-1.5.3-py2.py3-none-any.whl#sha256=f0037aed3ce6cf96b9e9117d42e967a74bea9ebe19088a2fdea5de93d5762fee (from https://pypi.org/simple/pip/), version: 1.5.3
  Found link https://files.pythonhosted.org/packages/55/de/671a48ad313c808623041fc475f7c8f7610401d9f573f06b40eeb84e74e3/pip-1.5.3.tar.gz#sha256=dc53b4d28b88556a37cd73052b6d1d08cc644c6724e37c4d38a2e3c03c5440b2 (from https://pypi.org/simple/pip/), version: 1.5.3
  Found link https://files.pythonhosted.org/packages/a9/9a/9aa19fe00de4c025562e5fb3796ff8520165a7dd1a5662c6ec9816e1ae99/pip-1.5.4-py2.py3-none-any.whl#sha256=fb7282556a42e84464f2e963a859ac4012d8134ba6218b70c1d82d145fcfa82f (from https://pypi.org/simple/pip/), version: 1.5.4
  Found link https://files.pythonhosted.org/packages/78/d8/6e58a7130d457edadb753a0ea5708e411c100c7e94e72ad4802feeef735c/pip-1.5.4.tar.gz#sha256=70208a250bb4afdbbdd74c3ac35d4ab9ba1eb6852d02567a6a87f2f5104e30b9 (from https://pypi.org/simple/pip/), version: 1.5.4
  Found link https://files.pythonhosted.org/packages/ce/c2/10d996b9c51b126a9f0bb9e14a9edcdd5c88888323c0685bb9b392b6c47c/pip-1.5.5-py2.py3-none-any.whl#sha256=fe7a5808190067b2598d85def9b83db46e5d64a00848ad843e107c36e1db4ae6 (from https://pypi.org/simple/pip/), version: 1.5.5
  Found link https://files.pythonhosted.org/packages/88/01/a442fde40bd9aaf837612536f16ab751fac628807fd718690795b8ade77d/pip-1.5.5.tar.gz#sha256=4b7f5124364ae9b5ba833dcd8813a84c1c06fba1d7c8543323c7af4b33188eca (from https://pypi.org/simple/pip/), version: 1.5.5
  Found link https://files.pythonhosted.org/packages/3f/08/7347ca4021e7fe0f1ab8f93cbc7d2a7a7350012300ad0e0227d55625e2b8/pip-1.5.6-py2.py3-none-any.whl#sha256=fbc1351ffedf09ca7560428758845a88d648b9730b63ce9e5df53a7c89f039a4 (from https://pypi.org/simple/pip/), version: 1.5.6
  Found link https://files.pythonhosted.org/packages/45/db/4fb9a456b4ec4d3b701456ef562b9d72d76b6358e0c1463d17db18c5b772/pip-1.5.6.tar.gz#sha256=b1a4ae66baf21b7eb05a5e4f37c50c2706fa28ea1f8780ce8efe14dcd9f1726c (from https://pypi.org/simple/pip/), version: 1.5.6
  Found link https://files.pythonhosted.org/packages/dc/7c/21191b5944b917b66e4e4e06d74f668d814b6e8a3ff7acd874479b6f6b3d/pip-6.0-py2.py3-none-any.whl#sha256=5ec6732505bd8be49fe1f8ad557b88253ffb085736396df4d6bea753fc2a8f2c (from https://pypi.org/simple/pip/), version: 6.0
  Found link https://files.pythonhosted.org/packages/38/fd/065c66a88398f240e344fdf496b9707f92d75f88eedc3d10ff847b28a657/pip-6.0.tar.gz#sha256=6103897f1bb68d3f933edd60f3e3830c4ea6b8abf7a4b500db148921b11f6c9b (from https://pypi.org/simple/pip/), version: 6.0
  Found link https://files.pythonhosted.org/packages/e9/7a/cdbc1a12ed52410d557e48d4646f4543e9e991ff32d2374dc6db849aa617/pip-6.0.1-py2.py3-none-any.whl#sha256=322aea7d1f7b9ee68ad87ac4704cad5df97f77e70668c0bd18f964c5daa78173 (from https://pypi.org/simple/pip/), version: 6.0.1
  Found link https://files.pythonhosted.org/packages/4d/c3/8675b90cd89b9b222062f4f6c7e9d48b0387f5b35cbf747a74403a883e56/pip-6.0.1.tar.gz#sha256=fa2f7c68da4a405d673aa38542f9df009d60026db4f532429ac9cbfbda1f959d (from https://pypi.org/simple/pip/), version: 6.0.1
  Found link https://files.pythonhosted.org/packages/71/3c/b5a521e5e99cfff091e282231591f21193fd80de079ec5fb8ed9c6614044/pip-6.0.2-py2.py3-none-any.whl#sha256=7d17b0f267f7c9cd17cd2924bbbe2b4a3d407322c0e09084ca3f1295c1fed50d (from https://pypi.org/simple/pip/), version: 6.0.2
  Found link https://files.pythonhosted.org/packages/4c/5a/f9e8e3de0153282c7cb54a9b991af225536ac914bac858ca664cf883bb3e/pip-6.0.2.tar.gz#sha256=6fa90667706a679e3dc75b27a51fddafa64401c45e96f8ae6c20978183290077 (from https://pypi.org/simple/pip/), version: 6.0.2
  Found link https://files.pythonhosted.org/packages/73/cb/3eebf42003791df29219a3dfa1874572aa16114b44c9b1b0ac66bf96e8c0/pip-6.0.3-py2.py3-none-any.whl#sha256=b72655b6ac6aef1c86dd07f51e8ace8d7aabd6a1c4ff88db87155276fa32a073 (from https://pypi.org/simple/pip/), version: 6.0.3
  Found link https://files.pythonhosted.org/packages/ce/63/8d99ae60d11ae1a65f5d4fc39a529a598bd3b8e067132210cb0c4d9e9f74/pip-6.0.3.tar.gz#sha256=b091a35f5fa0faffac0b27b97e1e1e93ffe63b463c2ea8dbde0c1fb987933614 (from https://pypi.org/simple/pip/), version: 6.0.3
  Found link https://files.pythonhosted.org/packages/c5/0e/c974206726542bc495fc7443dd97834a6d14c2f0cba183fcfcd01075225a/pip-6.0.4-py2.py3-none-any.whl#sha256=8dfd95de29a7a3bb1e7d368cc83d566938eb210b04d553ebfe5e3a422f4aec65 (from https://pypi.org/simple/pip/), version: 6.0.4
  Found link https://files.pythonhosted.org/packages/02/a1/c90f19910ee153d7a0efca7216758121118d7e93084276541383fe9ca82e/pip-6.0.4.tar.gz#sha256=1dbbff9c369e510c7468ab68ba52c003f68f83c99c2f8259acd51099e8799f1e (from https://pypi.org/simple/pip/), version: 6.0.4
  Found link https://files.pythonhosted.org/packages/e9/1b/c6a375a337fb576784cdea3700f6c3eaf1420f0a01458e6e034cc178a84a/pip-6.0.5-py2.py3-none-any.whl#sha256=b2c20e3a2a43b2bbb1d19ad98be27eccc7b0f0ece016da602ccaa757a862b0e2 (from https://pypi.org/simple/pip/), version: 6.0.5
  Found link https://files.pythonhosted.org/packages/19/f2/58628768f618c8c9fea878e0fb97730c0b8a838d3ab3f325768bf12dac94/pip-6.0.5.tar.gz#sha256=3bf42d28be9085ab2e9aecfd69a6da2d31563fe833304bf71a620a30c38ab8a2 (from https://pypi.org/simple/pip/), version: 6.0.5
  Found link https://files.pythonhosted.org/packages/64/fc/4a49ccb18f55a0ceeb76e8d554bd4563217117492997825d194ed0017cc1/pip-6.0.6-py2.py3-none-any.whl#sha256=fb04f8afe1ba57626783f0c8e2f3d46bbaebaa446fcf124f434e968a2fee595e (from https://pypi.org/simple/pip/), version: 6.0.6
  Found link https://files.pythonhosted.org/packages/f6/ce/d9e4e178b66c766c117f62ddf4fece019ef9d50127a8926d2f60300d615e/pip-6.0.6.tar.gz#sha256=3a14091299dcdb9bab9e9004ae67ac401f2b1b14a7c98de074ca74fdddf4bfa0 (from https://pypi.org/simple/pip/), version: 6.0.6
  Found link https://files.pythonhosted.org/packages/7a/8e/2bbd4fcf3ee06ee90ded5f39ec12f53165dfdb9ef25a981717ad38a16670/pip-6.0.7-py2.py3-none-any.whl#sha256=93a326304c7db749896bcef822bbbac1ab29dad5651c6d732e245975239890e6 (from https://pypi.org/simple/pip/), version: 6.0.7
  Found link https://files.pythonhosted.org/packages/52/85/b160ebdaa84378df6bb0176d4eed9f57edca662446174eead7a9e2e566d6/pip-6.0.7.tar.gz#sha256=35a5a43ac6b7af83ed47ea5731a365f43d350a3a7267e039e5f06b61d42ab3c2 (from https://pypi.org/simple/pip/), version: 6.0.7
  Found link https://files.pythonhosted.org/packages/63/65/55b71647adec1ad595bf0e5d76d028506dfc002df30c256f022ff7a660a5/pip-6.0.8-py2.py3-none-any.whl#sha256=3c22b0a8ff92727bd737a82f72700790591f177541df08c07bc1f90d6b72ac19 (from https://pypi.org/simple/pip/), version: 6.0.8
  Found link https://files.pythonhosted.org/packages/ef/8a/e3a980bc0a7f791d72c1302f65763ed300f2e14c907ac033e01b44c79e5e/pip-6.0.8.tar.gz#sha256=0d58487a1b7f5be2e5e965c11afbea1dc44ecec8069de03491a4d0d6c85f4551 (from https://pypi.org/simple/pip/), version: 6.0.8
  Found link https://files.pythonhosted.org/packages/24/fb/8a56a46243514681e569bbafd8146fa383476c4b7c725c8598c452366f31/pip-6.1.0-py2.py3-none-any.whl#sha256=435a018f6d29e34d4f901bf4e6860d8a5fa1816b68d62008c18ca062a306db31 (from https://pypi.org/simple/pip/), version: 6.1.0
  Found link https://files.pythonhosted.org/packages/6c/84/432eb60bbcb414b9cdfcb135d5f4925e253c74e7d6916ada79990d6cc1a0/pip-6.1.0.tar.gz#sha256=89f120e2ab3d25ab70c36eb28ad4f280fc9ba71736e74d3055f609c1f9173768 (from https://pypi.org/simple/pip/), version: 6.1.0
  Found link https://files.pythonhosted.org/packages/67/f0/ba0fb41dbdbfc4aa3e0c16b40269aca6b9e3d59cacdb646218aa2e9b1d2c/pip-6.1.1-py2.py3-none-any.whl#sha256=a67e54aa0f26b6d62ccec5cc6735eff205dd0fed075f56ac3d3111e91e4467fc (from https://pypi.org/simple/pip/), version: 6.1.1
  Found link https://files.pythonhosted.org/packages/bf/85/871c126b50b8ee0b9819e8a63b614aedd264577e73478caedcd447e8f28c/pip-6.1.1.tar.gz#sha256=89f3b626d225e08e7f20d85044afa40f612eb3284484169813dc2d0631f2a556 (from https://pypi.org/simple/pip/), version: 6.1.1
  Found link https://files.pythonhosted.org/packages/5a/9b/56d3c18d0784d5f2bbd446ea2dc7ffa7476c35e3dc223741d20cfee3b185/pip-7.0.0-py2.py3-none-any.whl#sha256=309c48399c7d68501a10ef206abd6e5c541fedbf84b95435d9063bd454b39df7 (from https://pypi.org/simple/pip/), version: 7.0.0
  Found link https://files.pythonhosted.org/packages/c6/16/6475b142927ca5d03e3b7968efa5b0edd103e4684ecfde181a25f6fa2505/pip-7.0.0.tar.gz#sha256=7b46bfc1b95494731de306a688e2a7bc056d7fa7ad27e026908fb2ae67fed23d (from https://pypi.org/simple/pip/), version: 7.0.0
  Found link https://files.pythonhosted.org/packages/5a/10/bb7a32c335bceba636aa673a4c977effa1e73a79f88856459486d8d670cf/pip-7.0.1-py2.py3-none-any.whl#sha256=d26b8573ba1ac1ec99a9bdbdffee2ff2b06c7790815211d0eb4dc1462a089705 (from https://pypi.org/simple/pip/), version: 7.0.1
  Found link https://files.pythonhosted.org/packages/4a/83/9ae4362a80739657e0c8bb628ea3fa0214a9aba7c8590dacc301ea293f73/pip-7.0.1.tar.gz#sha256=cfec177552fdd0b2d12b72651c8e874f955b4c62c1c2c9f2588cbdc1c0d0d416 (from https://pypi.org/simple/pip/), version: 7.0.1
  Found link https://files.pythonhosted.org/packages/64/7f/7107800ae0919a80afbf1ecba21b90890431c3ee79d700adac3c79cb6497/pip-7.0.2-py2.py3-none-any.whl#sha256=83c869c5ab7113866e2d69641ec470d47f0faae68ca4550a289a4d3db515ad65 (from https://pypi.org/simple/pip/), version: 7.0.2
  Found link https://files.pythonhosted.org/packages/75/b1/66532c273bca0133e42c3b4540a1609289f16e3046f1830f18c60794d661/pip-7.0.2.tar.gz#sha256=ba28fa60b573a9444e7b78ccb3b0f261d1f66f46d20403f9dce37b18a6aed405 (from https://pypi.org/simple/pip/), version: 7.0.2
  Found link https://files.pythonhosted.org/packages/96/76/33a598ae42dd0554207d83c7acc60e3b166dbde723cbf282f1f73b7a127c/pip-7.0.3-py2.py3-none-any.whl#sha256=7b1cb03e827d58d2d05e68ea96a9e27487ed4b0afcd951ac6e40847ce94f0738 (from https://pypi.org/simple/pip/), version: 7.0.3
  Found link https://files.pythonhosted.org/packages/35/59/5b23115758ba0f2fc465c459611865173ef006202ba83f662d1f58ed2fb8/pip-7.0.3.tar.gz#sha256=b4c598825a6f6dc2cac65968feb28e6be6c1f7f1408493c60a07eaa731a0affd (from https://pypi.org/simple/pip/), version: 7.0.3
  Found link https://files.pythonhosted.org/packages/f7/c0/9f8dac88326609b4b12b304e8382f64f7d5af7735a00d2fac36cf135fc30/pip-7.1.0-py2.py3-none-any.whl#sha256=80c29f899d3a00a448d65f8158544d22935baec7159af8da1a4fa1490ced481d (from https://pypi.org/simple/pip/), version: 7.1.0
  Found link https://files.pythonhosted.org/packages/7e/71/3c6ece07a9a885650aa6607b0ebfdf6fc9a3ef8691c44b5e724e4eee7bf2/pip-7.1.0.tar.gz#sha256=d5275ba3221182a5dd1b6bcfbfc5ec277fb399dd23226d6fa018048f7e0f10f2 (from https://pypi.org/simple/pip/), version: 7.1.0
  Found link https://files.pythonhosted.org/packages/1c/56/094d563c508917081bccff365e4f621ba33073c1c13aca9267a43cfcaf13/pip-7.1.1-py2.py3-none-any.whl#sha256=ce13000878d34c1178af76cb8cf269e232c00508c78ed46c165dd5b0881615f4 (from https://pypi.org/simple/pip/), version: 7.1.1
  Found link https://files.pythonhosted.org/packages/3b/bb/b3f2a95494fd3f01d3b3ae530e7c0e910dc25e88e30787b0a5e10cbc0640/pip-7.1.1.tar.gz#sha256=b22fe3c93a13fc7c04f145a42fd2ad50a9e3e1b8a7eed2e2b1c66e540a0951da (from https://pypi.org/simple/pip/), version: 7.1.1
  Found link https://files.pythonhosted.org/packages/b2/d0/cd115fe345dd6f07ec1c780020a7dfe74966fceeb171e0f20d1d4905b0b7/pip-7.1.2-py2.py3-none-any.whl#sha256=b9d3983b5cce04f842175e30169d2f869ef12c3546fd274083a65eada4e9708c (from https://pypi.org/simple/pip/), version: 7.1.2
  Found link https://files.pythonhosted.org/packages/d0/92/1e8406c15d9372084a5bf79d96da3a0acc4e7fcf0b80020a4820897d2a5c/pip-7.1.2.tar.gz#sha256=ca047986f0528cfa975a14fb9f7f106271d4e0c3fe1ddced6c1db2e7ae57a477 (from https://pypi.org/simple/pip/), version: 7.1.2
  Found link https://files.pythonhosted.org/packages/00/ae/bddef02881ee09c6a01a0d6541aa6c75a226a4e68b041be93142befa0cd6/pip-8.0.0-py2.py3-none-any.whl#sha256=262ed1823eb7fbe3f18a9bedb4800e59c4ab9a6682aff8c37b5ee83ea840910b (from https://pypi.org/simple/pip/), version: 8.0.0
  Found link https://files.pythonhosted.org/packages/e3/2d/03c014d11e66628abf2fda5ca00f779cbe7b5292c5cd13d42a95b94aa9b8/pip-8.0.0.tar.gz#sha256=90112b296152f270cb8dddcd19b7b87488d9e002e8cf622e14c4da9c2f6319b1 (from https://pypi.org/simple/pip/), version: 8.0.0
  Found link https://files.pythonhosted.org/packages/45/9c/6f9a24917c860873e2ce7bd95b8f79897524353df51d5d920cd6b6c1ec33/pip-8.0.1-py2.py3-none-any.whl#sha256=dedaac846bc74e38a3253671f51a056331ffca1da70e3f48d8128f2aa0635bba (from https://pypi.org/simple/pip/), version: 8.0.1
  Found link https://files.pythonhosted.org/packages/ea/66/a3d6187bd307159fedf8575c0d9ee2294d13b1cdd11673ca812e6a2dda8f/pip-8.0.1.tar.gz#sha256=477c50b3e538a7ac0fa611fb8b877b04b33fb70d325b12a81b9dbf3eb1158a4d (from https://pypi.org/simple/pip/), version: 8.0.1
  Found link https://files.pythonhosted.org/packages/e7/a0/bd35f5f978a5e925953ce02fa0f078a232f0f10fcbe543d8cfc043f74fda/pip-8.0.2-py2.py3-none-any.whl#sha256=249a6f3194be8c2e8cb4d4be3f6fd16a9f1e3336218caffa8e7419e3816f9988 (from https://pypi.org/simple/pip/), version: 8.0.2
  Found link https://files.pythonhosted.org/packages/ce/15/ee1f9a84365423e9ef03d0f9ed0eba2fb00ac1fffdd33e7b52aea914d0f8/pip-8.0.2.tar.gz#sha256=46f4bd0d8dfd51125a554568d646fe4200a3c2c6c36b9f2d06d2212148439521 (from https://pypi.org/simple/pip/), version: 8.0.2
  Found link https://files.pythonhosted.org/packages/ae/d4/2b127310f5364610b74c28e2e6a40bc19e2d3c9a9a4e012d3e333e767c99/pip-8.0.3-py2.py3-none-any.whl#sha256=b0335bc837f9edb5aad03bd43d0973b084a1cbe616f8188dc23ba13234dbd552 (from https://pypi.org/simple/pip/), version: 8.0.3
  Found link https://files.pythonhosted.org/packages/22/f3/14bc87a4f6b5ec70b682765978a6f3105bf05b6781fa97e04d30138bd264/pip-8.0.3.tar.gz#sha256=30f98b66f3fe1069c529a491597d34a1c224a68640c82caf2ade5f88aa1405e8 (from https://pypi.org/simple/pip/), version: 8.0.3
  Found link https://files.pythonhosted.org/packages/1e/c7/78440b3fb882ed001e6e12d8770bd45e73d6eced4e57f7c072b829ce8a3d/pip-8.1.0-py2.py3-none-any.whl#sha256=a542b99e08002ead83200198e19a3983270357e1cb4fe704247990b5b35471dc (from https://pypi.org/simple/pip/), version: 8.1.0
  Found link https://files.pythonhosted.org/packages/3c/72/6981d5adf880adecb066a1a1a4c312a17f8d787a3b85446967964ac66d55/pip-8.1.0.tar.gz#sha256=d8faa75dd7d0737b16d50cd0a56dc91a631c79ecfd8d38b80f6ee929ec82043e (from https://pypi.org/simple/pip/), version: 8.1.0
  Found link https://files.pythonhosted.org/packages/31/6a/0f19a7edef6c8e5065f4346137cc2a08e22e141942d66af2e1e72d851462/pip-8.1.1-py2.py3-none-any.whl#sha256=44b9c342782ab905c042c207d995aa069edc02621ddbdc2b9f25954a0fdac25c (from https://pypi.org/simple/pip/), version: 8.1.1
  Found link https://files.pythonhosted.org/packages/41/27/9a8d24e1b55bd8c85e4d022da2922cb206f183e2d18fee4e320c9547e751/pip-8.1.1.tar.gz#sha256=3e78d3066aaeb633d185a57afdccf700aa2e660436b4af618bcb6ff0fa511798 (from https://pypi.org/simple/pip/), version: 8.1.1
  Found link https://files.pythonhosted.org/packages/9c/32/004ce0852e0a127f07f358b715015763273799bd798956fa930814b60f39/pip-8.1.2-py2.py3-none-any.whl#sha256=6464dd9809fb34fc8df2bf49553bb11dac4c13d2ffa7a4f8038ad86a4ccb92a1 (from https://pypi.org/simple/pip/), version: 8.1.2
  Found link https://files.pythonhosted.org/packages/e7/a8/7556133689add8d1a54c0b14aeff0acb03c64707ce100ecd53934da1aa13/pip-8.1.2.tar.gz#sha256=4d24b03ffa67638a3fa931c09fd9e0273ffa904e95ebebe7d4b1a54c93d7b732 (from https://pypi.org/simple/pip/), version: 8.1.2
  Found link https://files.pythonhosted.org/packages/3f/ef/935d9296acc4f48d1791ee56a73781271dce9712b059b475d3f5fa78487b/pip-9.0.0-py2.py3-none-any.whl#sha256=c856ac18ca01e7127456f831926dc67cc7d3ab663f4c13b1ec156e36db4de574 (from https://pypi.org/simple/pip/) (requires-python:>=2.6,!=3.0.*,!=3.1.*,!=3.2.*), version: 9.0.0
  Found link https://files.pythonhosted.org/packages/5e/53/eaef47e5e2f75677c9de0737acc84b659b78a71c4086f424f55346a341b5/pip-9.0.0.tar.gz#sha256=f62fb70e7e000e46fce12aaeca752e5281a5446977fe5a75ab4189a43b3f8793 (from https://pypi.org/simple/pip/) (requires-python:>=2.6,!=3.0.*,!=3.1.*,!=3.2.*), version: 9.0.0
  Found link https://files.pythonhosted.org/packages/b6/ac/7015eb97dc749283ffdec1c3a88ddb8ae03b8fad0f0e611408f196358da3/pip-9.0.1-py2.py3-none-any.whl#sha256=690b762c0a8460c303c089d5d0be034fb15a5ea2b75bdf565f40421f542fefb0 (from https://pypi.org/simple/pip/) (requires-python:>=2.6,!=3.0.*,!=3.1.*,!=3.2.*), version: 9.0.1
  Found link https://files.pythonhosted.org/packages/11/b6/abcb525026a4be042b486df43905d6893fb04f05aac21c32c638e939e447/pip-9.0.1.tar.gz#sha256=09f243e1a7b461f654c26a725fa373211bb7ff17a9300058b205c61658ca940d (from https://pypi.org/simple/pip/) (requires-python:>=2.6,!=3.0.*,!=3.1.*,!=3.2.*), version: 9.0.1
  Found link https://files.pythonhosted.org/packages/e7/f9/e801dcea22886cd513f6bd2e8f7e581bd6f67bb8e8f1cd8e7b92d8539280/pip-9.0.2-py2.py3-none-any.whl#sha256=b135491ddb061f39719b8472d8abb59c613816a2b86069c332db74d1cd208ab2 (from https://pypi.org/simple/pip/) (requires-python:>=2.6,!=3.0.*,!=3.1.*,!=3.2.*), version: 9.0.2
  Found link https://files.pythonhosted.org/packages/e5/8f/3fc66461992dc9e9fcf5e005687d5f676729172dda640df2fd8b597a6da7/pip-9.0.2.tar.gz#sha256=88110a224e9d30e5d76592a0b2130ef10e7e67a6426e8617bb918fffbfe91fe5 (from https://pypi.org/simple/pip/) (requires-python:>=2.6,!=3.0.*,!=3.1.*,!=3.2.*), version: 9.0.2
  Found link https://files.pythonhosted.org/packages/ac/95/a05b56bb975efa78d3557efa36acaf9cf5d2fd0ee0062060493687432e03/pip-9.0.3-py2.py3-none-any.whl#sha256=c3ede34530e0e0b2381e7363aded78e0c33291654937e7373032fda04e8803e5 (from https://pypi.org/simple/pip/) (requires-python:>=2.6,!=3.0.*,!=3.1.*,!=3.2.*), version: 9.0.3
  Found link https://files.pythonhosted.org/packages/c4/44/e6b8056b6c8f2bfd1445cc9990f478930d8e3459e9dbf5b8e2d2922d64d3/pip-9.0.3.tar.gz#sha256=7bf48f9a693be1d58f49f7af7e0ae9fe29fd671cde8a55e6edca3581c4ef5796 (from https://pypi.org/simple/pip/) (requires-python:>=2.6,!=3.0.*,!=3.1.*,!=3.2.*), version: 9.0.3
  Found link https://files.pythonhosted.org/packages/4b/5a/8544ae02a5bd28464e03af045e8aabde20a7b02db1911a9159328e1eb25a/pip-10.0.0b1-py2.py3-none-any.whl#sha256=dbd5d24cd461be23429625085a36cc8732cbcac4d2aaf673031f80f6ac07d844 (from https://pypi.org/simple/pip/) (requires-python:>=2.7,!=3.0.*,!=3.1.*,!=3.2.*), version: 10.0.0b1
  Found link https://files.pythonhosted.org/packages/aa/6d/ffbb86abf18b750fb26f27eda7c7732df2aacaa669c420d2eb2ad6df3458/pip-10.0.0b1.tar.gz#sha256=8d6e63d8b99752e4b53f272b66f9cd7b59e2b288e9a863a61c48d167203a2656 (from https://pypi.org/simple/pip/) (requires-python:>=2.7,!=3.0.*,!=3.1.*,!=3.2.*), version: 10.0.0b1
  Found link https://files.pythonhosted.org/packages/97/72/1d514201e7d7fc7fff5aac3de9c7b892cd72fb4bf23fd983630df96f7412/pip-10.0.0b2-py2.py3-none-any.whl#sha256=79f55588912f1b2b4f86f96f11e329bb01b25a484e2204f245128b927b1038a7 (from https://pypi.org/simple/pip/) (requires-python:>=2.7,!=3.0.*,!=3.1.*,!=3.2.*), version: 10.0.0b2
  Found link https://files.pythonhosted.org/packages/32/67/572f642e6e42c580d3154964cfbab7d9322c23b0f417c6c01fdd206a2777/pip-10.0.0b2.tar.gz#sha256=ad6adec2150ce4aed8f6134d9b77d928fc848dbcb887fb1a455988cf99da5cae (from https://pypi.org/simple/pip/) (requires-python:>=2.7,!=3.0.*,!=3.1.*,!=3.2.*), version: 10.0.0b2
  Found link https://files.pythonhosted.org/packages/62/a1/0d452b6901b0157a0134fd27ba89bf95a857fbda64ba52e1ca2cf61d8412/pip-10.0.0-py2.py3-none-any.whl#sha256=86a60a96d85e329962a9e6f6af612cbc11106293dbc83f119802b5bee9874cf3 (from https://pypi.org/simple/pip/) (requires-python:>=2.7,!=3.0.*,!=3.1.*,!=3.2.*), version: 10.0.0
  Found link https://files.pythonhosted.org/packages/e0/69/983a8e47d3dfb51e1463c1e962b2ccd1d74ec4e236e232625e353d830ed2/pip-10.0.0.tar.gz#sha256=f05a3eeea64bce94e85cc6671d679473d66288a4d37c3fcf983584954096b34f (from https://pypi.org/simple/pip/) (requires-python:>=2.7,!=3.0.*,!=3.1.*,!=3.2.*), version: 10.0.0
  Found link https://files.pythonhosted.org/packages/0f/74/ecd13431bcc456ed390b44c8a6e917c1820365cbebcb6a8974d1cd045ab4/pip-10.0.1-py2.py3-none-any.whl#sha256=717cdffb2833be8409433a93746744b59505f42146e8d37de6c62b430e25d6d7 (from https://pypi.org/simple/pip/) (requires-python:>=2.7,!=3.0.*,!=3.1.*,!=3.2.*), version: 10.0.1
  Found link https://files.pythonhosted.org/packages/ae/e8/2340d46ecadb1692a1e455f13f75e596d4eab3d11a57446f08259dee8f02/pip-10.0.1.tar.gz#sha256=f2bd08e0cd1b06e10218feaf6fef299f473ba706582eb3bd9d52203fdbd7ee68 (from https://pypi.org/simple/pip/) (requires-python:>=2.7,!=3.0.*,!=3.1.*,!=3.2.*), version: 10.0.1
  Found link https://files.pythonhosted.org/packages/5f/25/e52d3f31441505a5f3af41213346e5b6c221c9e086a166f3703d2ddaf940/pip-18.0-py2.py3-none-any.whl#sha256=070e4bf493c7c2c9f6a08dd797dd3c066d64074c38e9e8a0fb4e6541f266d96c (from https://pypi.org/simple/pip/) (requires-python:>=2.7,!=3.0.*,!=3.1.*,!=3.2.*,!=3.3.*), version: 18.0
  Found link https://files.pythonhosted.org/packages/69/81/52b68d0a4de760a2f1979b0931ba7889202f302072cc7a0d614211bc7579/pip-18.0.tar.gz#sha256=a0e11645ee37c90b40c46d607070c4fd583e2cd46231b1c06e389c5e814eed76 (from https://pypi.org/simple/pip/) (requires-python:>=2.7,!=3.0.*,!=3.1.*,!=3.2.*,!=3.3.*), version: 18.0
  Found link https://files.pythonhosted.org/packages/c2/d7/90f34cb0d83a6c5631cf71dfe64cc1054598c843a92b400e55675cc2ac37/pip-18.1-py2.py3-none-any.whl#sha256=7909d0a0932e88ea53a7014dfd14522ffef91a464daaaf5c573343852ef98550 (from https://pypi.org/simple/pip/) (requires-python:>=2.7,!=3.0.*,!=3.1.*,!=3.2.*,!=3.3.*), version: 18.1
  Found link https://files.pythonhosted.org/packages/45/ae/8a0ad77defb7cc903f09e551d88b443304a9bd6e6f124e75c0fbbf6de8f7/pip-18.1.tar.gz#sha256=c0a292bd977ef590379a3f05d7b7f65135487b67470f6281289a94e015650ea1 (from https://pypi.org/simple/pip/) (requires-python:>=2.7,!=3.0.*,!=3.1.*,!=3.2.*,!=3.3.*), version: 18.1
